{"C:\\Users\\madal\\OneDrive\\Desktop\\CSE 118\\Assignment9\\App.js": {"path":"C:\\Users\\madal\\OneDrive\\Desktop\\CSE 118\\Assignment9\\App.js","statementMap":{"0":{"start":{"line":5,"column":12},"end":{"line":11,"column":1}},"1":{"start":{"line":6,"column":2},"end":{"line":10,"column":4}}},"fnMap":{"0":{"name":"(anonymous_0)","decl":{"start":{"line":5,"column":12},"end":{"line":5,"column":13}},"loc":{"start":{"line":5,"column":18},"end":{"line":11,"column":1}},"line":5}},"branchMap":{},"s":{"0":1,"1":11},"f":{"0":11},"b":{},"_coverageSchema":"1a1c01bbd47fc00a2c39e90264f33305004495a9","hash":"c2cc33f3ac9bb6a76c343975404fdbcae2e70fd4"}
,"C:\\Users\\madal\\OneDrive\\Desktop\\CSE 118\\Assignment9\\src\\Main.js": {"path":"C:\\Users\\madal\\OneDrive\\Desktop\\CSE 118\\Assignment9\\src\\Main.js","statementMap":{"0":{"start":{"line":17,"column":14},"end":{"line":17,"column":36}},"1":{"start":{"line":19,"column":13},"end":{"line":88,"column":1}},"2":{"start":{"line":20,"column":24},"end":{"line":20,"column":59}},"3":{"start":{"line":21,"column":2},"end":{"line":87,"column":4}},"4":{"start":{"line":29,"column":47},"end":{"line":45,"column":13}},"5":{"start":{"line":33,"column":16},"end":{"line":42,"column":18}},"6":{"start":{"line":35,"column":20},"end":{"line":35,"column":39}},"7":{"start":{"line":37,"column":20},"end":{"line":37,"column":49}},"8":{"start":{"line":50,"column":35},"end":{"line":54,"column":13}},"9":{"start":{"line":59,"column":47},"end":{"line":64,"column":13}},"10":{"start":{"line":69,"column":35},"end":{"line":73,"column":13}},"11":{"start":{"line":78,"column":30},"end":{"line":82,"column":13}}},"fnMap":{"0":{"name":"(anonymous_0)","decl":{"start":{"line":19,"column":13},"end":{"line":19,"column":14}},"loc":{"start":{"line":19,"column":19},"end":{"line":88,"column":1}},"line":19},"1":{"name":"(anonymous_1)","decl":{"start":{"line":29,"column":21},"end":{"line":29,"column":22}},"loc":{"start":{"line":29,"column":47},"end":{"line":45,"column":13}},"line":29},"2":{"name":"(anonymous_2)","decl":{"start":{"line":32,"column":26},"end":{"line":32,"column":27}},"loc":{"start":{"line":33,"column":16},"end":{"line":42,"column":18}},"line":33},"3":{"name":"(anonymous_3)","decl":{"start":{"line":34,"column":27},"end":{"line":34,"column":28}},"loc":{"start":{"line":34,"column":33},"end":{"line":38,"column":19}},"line":34},"4":{"name":"(anonymous_4)","decl":{"start":{"line":50,"column":21},"end":{"line":50,"column":22}},"loc":{"start":{"line":50,"column":35},"end":{"line":54,"column":13}},"line":50},"5":{"name":"(anonymous_5)","decl":{"start":{"line":59,"column":21},"end":{"line":59,"column":22}},"loc":{"start":{"line":59,"column":47},"end":{"line":64,"column":13}},"line":59},"6":{"name":"(anonymous_6)","decl":{"start":{"line":69,"column":21},"end":{"line":69,"column":22}},"loc":{"start":{"line":69,"column":35},"end":{"line":73,"column":13}},"line":69},"7":{"name":"(anonymous_7)","decl":{"start":{"line":78,"column":21},"end":{"line":78,"column":22}},"loc":{"start":{"line":78,"column":30},"end":{"line":82,"column":13}},"line":78}},"branchMap":{},"s":{"0":1,"1":1,"2":21,"3":21,"4":31,"5":30,"6":1,"7":1,"8":21,"9":14,"10":1,"11":3},"f":{"0":21,"1":31,"2":30,"3":1,"4":21,"5":14,"6":1,"7":3},"b":{},"_coverageSchema":"1a1c01bbd47fc00a2c39e90264f33305004495a9","hash":"968e5657cd23e252ca9842d26f6330acc32e8e09"}
,"C:\\Users\\madal\\OneDrive\\Desktop\\CSE 118\\Assignment9\\src\\Model\\ViewModel.js": {"path":"C:\\Users\\madal\\OneDrive\\Desktop\\CSE 118\\Assignment9\\src\\Model\\ViewModel.js","statementMap":{"0":{"start":{"line":3,"column":33},"end":{"line":3,"column":54}},"1":{"start":{"line":5,"column":18},"end":{"line":201,"column":1}},"2":{"start":{"line":6,"column":34},"end":{"line":6,"column":55}},"3":{"start":{"line":7,"column":28},"end":{"line":7,"column":44}},"4":{"start":{"line":8,"column":32},"end":{"line":8,"column":48}},"5":{"start":{"line":9,"column":38},"end":{"line":9,"column":56}},"6":{"start":{"line":10,"column":36},"end":{"line":10,"column":52}},"7":{"start":{"line":11,"column":34},"end":{"line":11,"column":52}},"8":{"start":{"line":12,"column":32},"end":{"line":12,"column":48}},"9":{"start":{"line":13,"column":34},"end":{"line":13,"column":52}},"10":{"start":{"line":14,"column":32},"end":{"line":14,"column":48}},"11":{"start":{"line":15,"column":32},"end":{"line":15,"column":50}},"12":{"start":{"line":19,"column":21},"end":{"line":30,"column":3}},"13":{"start":{"line":20,"column":12},"end":{"line":20,"column":13}},"14":{"start":{"line":23,"column":4},"end":{"line":29,"column":5}},"15":{"start":{"line":24,"column":6},"end":{"line":27,"column":7}},"16":{"start":{"line":26,"column":8},"end":{"line":26,"column":31}},"17":{"start":{"line":28,"column":6},"end":{"line":28,"column":10}},"18":{"start":{"line":32,"column":2},"end":{"line":58,"column":17}},"19":{"start":{"line":33,"column":22},"end":{"line":55,"column":5}},"20":{"start":{"line":35,"column":6},"end":{"line":53,"column":11}},"21":{"start":{"line":45,"column":10},"end":{"line":47,"column":11}},"22":{"start":{"line":46,"column":12},"end":{"line":46,"column":35}},"23":{"start":{"line":52,"column":10},"end":{"line":52,"column":30}},"24":{"start":{"line":56,"column":4},"end":{"line":56,"column":16}},"25":{"start":{"line":60,"column":21},"end":{"line":77,"column":3}},"26":{"start":{"line":62,"column":4},"end":{"line":76,"column":9}},"27":{"start":{"line":71,"column":8},"end":{"line":71,"column":31}},"28":{"start":{"line":74,"column":8},"end":{"line":74,"column":25}},"29":{"start":{"line":122,"column":22},"end":{"line":142,"column":3}},"30":{"start":{"line":125,"column":4},"end":{"line":141,"column":9}},"31":{"start":{"line":137,"column":8},"end":{"line":137,"column":31}},"32":{"start":{"line":140,"column":8},"end":{"line":140,"column":26}},"33":{"start":{"line":144,"column":22},"end":{"line":166,"column":3}},"34":{"start":{"line":145,"column":4},"end":{"line":165,"column":9}},"35":{"start":{"line":160,"column":8},"end":{"line":160,"column":31}},"36":{"start":{"line":164,"column":8},"end":{"line":164,"column":26}},"37":{"start":{"line":168,"column":2},"end":{"line":200,"column":4}}},"fnMap":{"0":{"name":"(anonymous_0)","decl":{"start":{"line":5,"column":18},"end":{"line":5,"column":19}},"loc":{"start":{"line":5,"column":27},"end":{"line":201,"column":1}},"line":5},"1":{"name":"(anonymous_1)","decl":{"start":{"line":19,"column":21},"end":{"line":19,"column":22}},"loc":{"start":{"line":19,"column":27},"end":{"line":30,"column":3}},"line":19},"2":{"name":"(anonymous_2)","decl":{"start":{"line":32,"column":18},"end":{"line":32,"column":19}},"loc":{"start":{"line":32,"column":24},"end":{"line":58,"column":3}},"line":32},"3":{"name":"(anonymous_3)","decl":{"start":{"line":33,"column":22},"end":{"line":33,"column":23}},"loc":{"start":{"line":33,"column":34},"end":{"line":55,"column":5}},"line":33},"4":{"name":"(anonymous_4)","decl":{"start":{"line":43,"column":14},"end":{"line":43,"column":15}},"loc":{"start":{"line":43,"column":26},"end":{"line":48,"column":9}},"line":43},"5":{"name":"(anonymous_5)","decl":{"start":{"line":49,"column":14},"end":{"line":49,"column":15}},"loc":{"start":{"line":49,"column":22},"end":{"line":53,"column":9}},"line":49},"6":{"name":"(anonymous_6)","decl":{"start":{"line":60,"column":21},"end":{"line":60,"column":22}},"loc":{"start":{"line":60,"column":33},"end":{"line":77,"column":3}},"line":60},"7":{"name":"(anonymous_7)","decl":{"start":{"line":70,"column":12},"end":{"line":70,"column":13}},"loc":{"start":{"line":70,"column":24},"end":{"line":72,"column":7}},"line":70},"8":{"name":"(anonymous_8)","decl":{"start":{"line":73,"column":12},"end":{"line":73,"column":13}},"loc":{"start":{"line":73,"column":20},"end":{"line":76,"column":7}},"line":73},"9":{"name":"(anonymous_9)","decl":{"start":{"line":122,"column":22},"end":{"line":122,"column":23}},"loc":{"start":{"line":122,"column":34},"end":{"line":142,"column":3}},"line":122},"10":{"name":"(anonymous_10)","decl":{"start":{"line":136,"column":12},"end":{"line":136,"column":13}},"loc":{"start":{"line":136,"column":24},"end":{"line":138,"column":7}},"line":136},"11":{"name":"(anonymous_11)","decl":{"start":{"line":139,"column":12},"end":{"line":139,"column":13}},"loc":{"start":{"line":139,"column":20},"end":{"line":141,"column":7}},"line":139},"12":{"name":"(anonymous_12)","decl":{"start":{"line":144,"column":22},"end":{"line":144,"column":23}},"loc":{"start":{"line":144,"column":34},"end":{"line":166,"column":3}},"line":144},"13":{"name":"(anonymous_13)","decl":{"start":{"line":156,"column":12},"end":{"line":156,"column":13}},"loc":{"start":{"line":156,"column":24},"end":{"line":161,"column":7}},"line":156},"14":{"name":"(anonymous_14)","decl":{"start":{"line":162,"column":12},"end":{"line":162,"column":13}},"loc":{"start":{"line":162,"column":20},"end":{"line":165,"column":7}},"line":162}},"branchMap":{"0":{"loc":{"start":{"line":24,"column":6},"end":{"line":27,"column":7}},"type":"if","locations":[{"start":{"line":24,"column":6},"end":{"line":27,"column":7}},{"start":{},"end":{}}],"line":24},"1":{"loc":{"start":{"line":45,"column":10},"end":{"line":47,"column":11}},"type":"if","locations":[{"start":{"line":45,"column":10},"end":{"line":47,"column":11}},{"start":{},"end":{}}],"line":45}},"s":{"0":1,"1":1,"2":116,"3":116,"4":116,"5":116,"6":116,"7":116,"8":116,"9":116,"10":116,"11":116,"12":116,"13":12,"14":12,"15":554,"16":12,"17":542,"18":116,"19":32,"20":32,"21":32,"22":10,"23":32,"24":32,"25":116,"26":10,"27":10,"28":10,"29":116,"30":7,"31":7,"32":7,"33":116,"34":5,"35":5,"36":5,"37":116},"f":{"0":116,"1":12,"2":32,"3":32,"4":32,"5":32,"6":10,"7":10,"8":10,"9":7,"10":7,"11":7,"12":5,"13":5,"14":5},"b":{"0":[12,542],"1":[10,22]},"_coverageSchema":"1a1c01bbd47fc00a2c39e90264f33305004495a9","hash":"02924aaa8d10352366440937d949daf2a8f4c02c"}
,"C:\\Users\\madal\\OneDrive\\Desktop\\CSE 118\\Assignment9\\src\\UI\\Channels.js": {"path":"C:\\Users\\madal\\OneDrive\\Desktop\\CSE 118\\Assignment9\\src\\UI\\Channels.js","statementMap":{"0":{"start":{"line":8,"column":15},"end":{"line":17,"column":2}},"1":{"start":{"line":19,"column":17},"end":{"line":38,"column":1}},"2":{"start":{"line":20,"column":34},"end":{"line":20,"column":69}},"3":{"start":{"line":21,"column":2},"end":{"line":24,"column":9}},"4":{"start":{"line":22,"column":4},"end":{"line":22,"column":18}},"5":{"start":{"line":25,"column":2},"end":{"line":37,"column":4}},"6":{"start":{"line":31,"column":30},"end":{"line":31,"column":37}},"7":{"start":{"line":33,"column":10},"end":{"line":33,"column":65}}},"fnMap":{"0":{"name":"(anonymous_0)","decl":{"start":{"line":19,"column":17},"end":{"line":19,"column":18}},"loc":{"start":{"line":19,"column":35},"end":{"line":38,"column":1}},"line":19},"1":{"name":"(anonymous_1)","decl":{"start":{"line":21,"column":18},"end":{"line":21,"column":19}},"loc":{"start":{"line":21,"column":24},"end":{"line":24,"column":3}},"line":21},"2":{"name":"(anonymous_2)","decl":{"start":{"line":31,"column":22},"end":{"line":31,"column":23}},"loc":{"start":{"line":31,"column":30},"end":{"line":31,"column":37}},"line":31},"3":{"name":"(anonymous_3)","decl":{"start":{"line":32,"column":20},"end":{"line":32,"column":21}},"loc":{"start":{"line":33,"column":10},"end":{"line":33,"column":65}},"line":33}},"branchMap":{},"s":{"0":1,"1":1,"2":25,"3":25,"4":7,"5":25,"6":42,"7":42},"f":{"0":25,"1":7,"2":42,"3":42},"b":{},"_coverageSchema":"1a1c01bbd47fc00a2c39e90264f33305004495a9","hash":"125d90e3310022dc677cbc41101c392323a54148"}
,"C:\\Users\\madal\\OneDrive\\Desktop\\CSE 118\\Assignment9\\src\\UI\\ChannelsCard.js": {"path":"C:\\Users\\madal\\OneDrive\\Desktop\\CSE 118\\Assignment9\\src\\UI\\ChannelsCard.js","statementMap":{"0":{"start":{"line":5,"column":15},"end":{"line":24,"column":2}},"1":{"start":{"line":39,"column":21},"end":{"line":62,"column":1}},"2":{"start":{"line":40,"column":23},"end":{"line":40,"column":58}},"3":{"start":{"line":42,"column":2},"end":{"line":61,"column":4}},"4":{"start":{"line":45,"column":8},"end":{"line":45,"column":28}},"5":{"start":{"line":49,"column":8},"end":{"line":49,"column":63}}},"fnMap":{"0":{"name":"(anonymous_0)","decl":{"start":{"line":39,"column":21},"end":{"line":39,"column":22}},"loc":{"start":{"line":39,"column":48},"end":{"line":62,"column":1}},"line":39},"1":{"name":"(anonymous_1)","decl":{"start":{"line":44,"column":15},"end":{"line":44,"column":16}},"loc":{"start":{"line":44,"column":21},"end":{"line":50,"column":7}},"line":44}},"branchMap":{},"s":{"0":1,"1":1,"2":42,"3":42,"4":5,"5":5},"f":{"0":42,"1":5},"b":{},"_coverageSchema":"1a1c01bbd47fc00a2c39e90264f33305004495a9","hash":"bf96b3c7c77c4d10e6f5cdde8856eb724ede01c4"}
,"C:\\Users\\madal\\OneDrive\\Desktop\\CSE 118\\Assignment9\\src\\UI\\Login.js": {"path":"C:\\Users\\madal\\OneDrive\\Desktop\\CSE 118\\Assignment9\\src\\UI\\Login.js","statementMap":{"0":{"start":{"line":8,"column":15},"end":{"line":27,"column":2}},"1":{"start":{"line":29,"column":14},"end":{"line":93,"column":1}},"2":{"start":{"line":30,"column":26},"end":{"line":30,"column":61}},"3":{"start":{"line":31,"column":26},"end":{"line":31,"column":51}},"4":{"start":{"line":32,"column":32},"end":{"line":32,"column":53}},"5":{"start":{"line":33,"column":34},"end":{"line":33,"column":69}},"6":{"start":{"line":35,"column":16},"end":{"line":66,"column":3}},"7":{"start":{"line":37,"column":4},"end":{"line":37,"column":21}},"8":{"start":{"line":38,"column":4},"end":{"line":65,"column":9}},"9":{"start":{"line":50,"column":8},"end":{"line":54,"column":9}},"10":{"start":{"line":51,"column":10},"end":{"line":51,"column":33}},"11":{"start":{"line":58,"column":8},"end":{"line":58,"column":36}},"12":{"start":{"line":62,"column":8},"end":{"line":62,"column":26}},"13":{"start":{"line":63,"column":8},"end":{"line":63,"column":26}},"14":{"start":{"line":64,"column":8},"end":{"line":64,"column":65}},"15":{"start":{"line":68,"column":2},"end":{"line":92,"column":4}}},"fnMap":{"0":{"name":"(anonymous_0)","decl":{"start":{"line":29,"column":14},"end":{"line":29,"column":15}},"loc":{"start":{"line":29,"column":32},"end":{"line":93,"column":1}},"line":29},"1":{"name":"(anonymous_1)","decl":{"start":{"line":35,"column":16},"end":{"line":35,"column":17}},"loc":{"start":{"line":35,"column":28},"end":{"line":66,"column":3}},"line":35},"2":{"name":"(anonymous_2)","decl":{"start":{"line":49,"column":12},"end":{"line":49,"column":13}},"loc":{"start":{"line":49,"column":24},"end":{"line":55,"column":7}},"line":49},"3":{"name":"(anonymous_3)","decl":{"start":{"line":56,"column":12},"end":{"line":56,"column":13}},"loc":{"start":{"line":56,"column":20},"end":{"line":65,"column":7}},"line":56}},"branchMap":{"0":{"loc":{"start":{"line":50,"column":8},"end":{"line":54,"column":9}},"type":"if","locations":[{"start":{"line":50,"column":8},"end":{"line":54,"column":9}},{"start":{"line":52,"column":15},"end":{"line":54,"column":9}}],"line":50}},"s":{"0":1,"1":1,"2":118,"3":118,"4":118,"5":118,"6":118,"7":11,"8":11,"9":11,"10":10,"11":11,"12":11,"13":11,"14":11,"15":118},"f":{"0":118,"1":11,"2":11,"3":11},"b":{"0":[10,1]},"_coverageSchema":"1a1c01bbd47fc00a2c39e90264f33305004495a9","hash":"8b44fad9cf752a3a5f5128b8b47f67b679b4c5c1"}
,"C:\\Users\\madal\\OneDrive\\Desktop\\CSE 118\\Assignment9\\src\\UI\\MessageCard.js": {"path":"C:\\Users\\madal\\OneDrive\\Desktop\\CSE 118\\Assignment9\\src\\UI\\MessageCard.js","statementMap":{"0":{"start":{"line":4,"column":15},"end":{"line":18,"column":2}},"1":{"start":{"line":22,"column":15},"end":{"line":33,"column":1}},"2":{"start":{"line":23,"column":10},"end":{"line":30,"column":14}},"3":{"start":{"line":31,"column":14},"end":{"line":31,"column":26}},"4":{"start":{"line":32,"column":2},"end":{"line":32,"column":54}},"5":{"start":{"line":35,"column":20},"end":{"line":43,"column":1}},"6":{"start":{"line":36,"column":20},"end":{"line":36,"column":55}},"7":{"start":{"line":37,"column":2},"end":{"line":42,"column":4}}},"fnMap":{"0":{"name":"(anonymous_0)","decl":{"start":{"line":22,"column":15},"end":{"line":22,"column":16}},"loc":{"start":{"line":22,"column":20},"end":{"line":33,"column":1}},"line":22},"1":{"name":"(anonymous_1)","decl":{"start":{"line":35,"column":20},"end":{"line":35,"column":21}},"loc":{"start":{"line":35,"column":38},"end":{"line":43,"column":1}},"line":35}},"branchMap":{},"s":{"0":1,"1":1,"2":1,"3":1,"4":1,"5":1,"6":1,"7":1},"f":{"0":1,"1":1},"b":{},"_coverageSchema":"1a1c01bbd47fc00a2c39e90264f33305004495a9","hash":"a6800187dfe82e09226f8f616cd0b00a3765e493"}
,"C:\\Users\\madal\\OneDrive\\Desktop\\CSE 118\\Assignment9\\src\\UI\\Messages.js": {"path":"C:\\Users\\madal\\OneDrive\\Desktop\\CSE 118\\Assignment9\\src\\UI\\Messages.js","statementMap":{"0":{"start":{"line":7,"column":15},"end":{"line":12,"column":2}},"1":{"start":{"line":14,"column":17},"end":{"line":46,"column":1}},"2":{"start":{"line":15,"column":34},"end":{"line":15,"column":69}},"3":{"start":{"line":16,"column":2},"end":{"line":32,"column":19}},"4":{"start":{"line":17,"column":4},"end":{"line":17,"column":18}},"5":{"start":{"line":18,"column":4},"end":{"line":30,"column":7}},"6":{"start":{"line":20,"column":8},"end":{"line":28,"column":10}},"7":{"start":{"line":23,"column":12},"end":{"line":23,"column":47}},"8":{"start":{"line":33,"column":2},"end":{"line":45,"column":4}},"9":{"start":{"line":39,"column":30},"end":{"line":39,"column":37}},"10":{"start":{"line":41,"column":10},"end":{"line":41,"column":65}}},"fnMap":{"0":{"name":"(anonymous_0)","decl":{"start":{"line":14,"column":17},"end":{"line":14,"column":18}},"loc":{"start":{"line":14,"column":35},"end":{"line":46,"column":1}},"line":14},"1":{"name":"(anonymous_1)","decl":{"start":{"line":16,"column":18},"end":{"line":16,"column":19}},"loc":{"start":{"line":16,"column":24},"end":{"line":32,"column":3}},"line":16},"2":{"name":"(anonymous_2)","decl":{"start":{"line":19,"column":19},"end":{"line":19,"column":20}},"loc":{"start":{"line":20,"column":8},"end":{"line":28,"column":10}},"line":20},"3":{"name":"(anonymous_3)","decl":{"start":{"line":21,"column":19},"end":{"line":21,"column":20}},"loc":{"start":{"line":21,"column":25},"end":{"line":24,"column":11}},"line":21},"4":{"name":"(anonymous_4)","decl":{"start":{"line":39,"column":22},"end":{"line":39,"column":23}},"loc":{"start":{"line":39,"column":30},"end":{"line":39,"column":37}},"line":39},"5":{"name":"(anonymous_5)","decl":{"start":{"line":40,"column":20},"end":{"line":40,"column":21}},"loc":{"start":{"line":41,"column":10},"end":{"line":41,"column":65}},"line":41}},"branchMap":{},"s":{"0":1,"1":1,"2":11,"3":11,"4":5,"5":5,"6":13,"7":3,"8":11,"9":12,"10":12},"f":{"0":11,"1":5,"2":13,"3":3,"4":12,"5":12},"b":{},"_coverageSchema":"1a1c01bbd47fc00a2c39e90264f33305004495a9","hash":"befa0b96f05e0a7cf027726e0633fe9c9fe05ff6"}
,"C:\\Users\\madal\\OneDrive\\Desktop\\CSE 118\\Assignment9\\src\\UI\\MessagesCard.js": {"path":"C:\\Users\\madal\\OneDrive\\Desktop\\CSE 118\\Assignment9\\src\\UI\\MessagesCard.js","statementMap":{"0":{"start":{"line":4,"column":15},"end":{"line":18,"column":2}},"1":{"start":{"line":22,"column":15},"end":{"line":33,"column":1}},"2":{"start":{"line":23,"column":10},"end":{"line":30,"column":14}},"3":{"start":{"line":31,"column":14},"end":{"line":31,"column":26}},"4":{"start":{"line":32,"column":2},"end":{"line":32,"column":54}},"5":{"start":{"line":35,"column":21},"end":{"line":51,"column":1}},"6":{"start":{"line":36,"column":35},"end":{"line":36,"column":70}},"7":{"start":{"line":37,"column":2},"end":{"line":50,"column":4}},"8":{"start":{"line":40,"column":8},"end":{"line":40,"column":28}},"9":{"start":{"line":41,"column":8},"end":{"line":41,"column":69}}},"fnMap":{"0":{"name":"(anonymous_0)","decl":{"start":{"line":22,"column":15},"end":{"line":22,"column":16}},"loc":{"start":{"line":22,"column":20},"end":{"line":33,"column":1}},"line":22},"1":{"name":"(anonymous_1)","decl":{"start":{"line":35,"column":21},"end":{"line":35,"column":22}},"loc":{"start":{"line":35,"column":48},"end":{"line":51,"column":1}},"line":35},"2":{"name":"(anonymous_2)","decl":{"start":{"line":39,"column":15},"end":{"line":39,"column":16}},"loc":{"start":{"line":39,"column":21},"end":{"line":42,"column":7}},"line":39}},"branchMap":{},"s":{"0":1,"1":1,"2":12,"3":12,"4":12,"5":1,"6":12,"7":12,"8":1,"9":1},"f":{"0":12,"1":12,"2":1},"b":{},"_coverageSchema":"1a1c01bbd47fc00a2c39e90264f33305004495a9","hash":"d7ec0367b4db0a96305fcf77485acc6d4f9de2dd"}
,"C:\\Users\\madal\\OneDrive\\Desktop\\CSE 118\\Assignment9\\src\\UI\\NewMessage.js": {"path":"C:\\Users\\madal\\OneDrive\\Desktop\\CSE 118\\Assignment9\\src\\UI\\NewMessage.js","statementMap":{"0":{"start":{"line":5,"column":15},"end":{"line":16,"column":2}},"1":{"start":{"line":20,"column":19},"end":{"line":51,"column":1}},"2":{"start":{"line":22,"column":38},"end":{"line":22,"column":56}},"3":{"start":{"line":24,"column":2},"end":{"line":50,"column":4}},"4":{"start":{"line":37,"column":12},"end":{"line":37,"column":47}},"5":{"start":{"line":45,"column":12},"end":{"line":45,"column":37}}},"fnMap":{"0":{"name":"(anonymous_0)","decl":{"start":{"line":20,"column":19},"end":{"line":20,"column":20}},"loc":{"start":{"line":20,"column":37},"end":{"line":51,"column":1}},"line":20},"1":{"name":"(anonymous_1)","decl":{"start":{"line":36,"column":19},"end":{"line":36,"column":20}},"loc":{"start":{"line":36,"column":25},"end":{"line":38,"column":11}},"line":36},"2":{"name":"(anonymous_2)","decl":{"start":{"line":43,"column":19},"end":{"line":43,"column":20}},"loc":{"start":{"line":43,"column":25},"end":{"line":46,"column":11}},"line":43}},"branchMap":{},"s":{"0":1,"1":1,"2":4,"3":4,"4":1,"5":1},"f":{"0":4,"1":1,"2":1},"b":{},"_coverageSchema":"1a1c01bbd47fc00a2c39e90264f33305004495a9","hash":"03d7c77bd71e86c01448039c34c6d73b402dab85"}
,"C:\\Users\\madal\\OneDrive\\Desktop\\CSE 118\\Assignment9\\src\\UI\\WorkspaceCard.js": {"path":"C:\\Users\\madal\\OneDrive\\Desktop\\CSE 118\\Assignment9\\src\\UI\\WorkspaceCard.js","statementMap":{"0":{"start":{"line":5,"column":15},"end":{"line":24,"column":2}},"1":{"start":{"line":28,"column":22},"end":{"line":47,"column":1}},"2":{"start":{"line":29,"column":25},"end":{"line":29,"column":60}},"3":{"start":{"line":30,"column":2},"end":{"line":46,"column":4}},"4":{"start":{"line":33,"column":8},"end":{"line":33,"column":32}},"5":{"start":{"line":34,"column":8},"end":{"line":34,"column":65}}},"fnMap":{"0":{"name":"(anonymous_0)","decl":{"start":{"line":28,"column":22},"end":{"line":28,"column":23}},"loc":{"start":{"line":28,"column":51},"end":{"line":47,"column":1}},"line":28},"1":{"name":"(anonymous_1)","decl":{"start":{"line":32,"column":15},"end":{"line":32,"column":16}},"loc":{"start":{"line":32,"column":21},"end":{"line":35,"column":7}},"line":32}},"branchMap":{},"s":{"0":1,"1":1,"2":132,"3":132,"4":7,"5":7},"f":{"0":132,"1":7},"b":{},"_coverageSchema":"1a1c01bbd47fc00a2c39e90264f33305004495a9","hash":"6ee395ad5bb0881de3e5e780540cfb6337e2a6e1"}
,"C:\\Users\\madal\\OneDrive\\Desktop\\CSE 118\\Assignment9\\src\\UI\\Workspaces.js": {"path":"C:\\Users\\madal\\OneDrive\\Desktop\\CSE 118\\Assignment9\\src\\UI\\Workspaces.js","statementMap":{"0":{"start":{"line":7,"column":15},"end":{"line":25,"column":2}},"1":{"start":{"line":27,"column":19},"end":{"line":61,"column":1}},"2":{"start":{"line":29,"column":4},"end":{"line":29,"column":39}},"3":{"start":{"line":30,"column":2},"end":{"line":46,"column":9}},"4":{"start":{"line":31,"column":4},"end":{"line":31,"column":17}},"5":{"start":{"line":48,"column":2},"end":{"line":60,"column":4}},"6":{"start":{"line":54,"column":30},"end":{"line":54,"column":37}},"7":{"start":{"line":56,"column":10},"end":{"line":56,"column":68}}},"fnMap":{"0":{"name":"(anonymous_0)","decl":{"start":{"line":27,"column":19},"end":{"line":27,"column":20}},"loc":{"start":{"line":27,"column":37},"end":{"line":61,"column":1}},"line":27},"1":{"name":"(anonymous_1)","decl":{"start":{"line":30,"column":18},"end":{"line":30,"column":19}},"loc":{"start":{"line":30,"column":24},"end":{"line":46,"column":3}},"line":30},"2":{"name":"(anonymous_2)","decl":{"start":{"line":54,"column":22},"end":{"line":54,"column":23}},"loc":{"start":{"line":54,"column":30},"end":{"line":54,"column":37}},"line":54},"3":{"name":"(anonymous_3)","decl":{"start":{"line":55,"column":20},"end":{"line":55,"column":21}},"loc":{"start":{"line":56,"column":10},"end":{"line":56,"column":68}},"line":56}},"branchMap":{},"s":{"0":1,"1":1,"2":54,"3":54,"4":10,"5":54,"6":132,"7":132},"f":{"0":54,"1":10,"2":132,"3":132},"b":{},"_coverageSchema":"1a1c01bbd47fc00a2c39e90264f33305004495a9","hash":"0d0d04a42b617acb791c8a4114d9ff69a2a9f7e0"}
}
