TN:
SF:App.js
FN:5,(anonymous_0)
FNF:1
FNH:1
FNDA:11,(anonymous_0)
DA:5,1
DA:6,11
LF:2
LH:2
BRF:0
BRH:0
end_of_record
TN:
SF:src\Main.js
FN:19,(anonymous_0)
FN:29,(anonymous_1)
FN:32,(anonymous_2)
FN:34,(anonymous_3)
FN:50,(anonymous_4)
FN:59,(anonymous_5)
FN:69,(anonymous_6)
FN:78,(anonymous_7)
FNF:8
FNH:8
FNDA:21,(anonymous_0)
FNDA:31,(anonymous_1)
FNDA:30,(anonymous_2)
FNDA:1,(anonymous_3)
FNDA:21,(anonymous_4)
FNDA:14,(anonymous_5)
FNDA:1,(anonymous_6)
FNDA:3,(anonymous_7)
DA:17,1
DA:19,1
DA:20,21
DA:21,21
DA:29,31
DA:33,30
DA:35,1
DA:37,1
DA:50,21
DA:59,14
DA:69,1
DA:78,3
LF:12
LH:12
BRF:0
BRH:0
end_of_record
TN:
SF:src\Model\ViewModel.js
FN:5,(anonymous_0)
FN:19,(anonymous_1)
FN:32,(anonymous_2)
FN:33,(anonymous_3)
FN:43,(anonymous_4)
FN:49,(anonymous_5)
FN:60,(anonymous_6)
FN:70,(anonymous_7)
FN:73,(anonymous_8)
FN:122,(anonymous_9)
FN:136,(anonymous_10)
FN:139,(anonymous_11)
FN:144,(anonymous_12)
FN:156,(anonymous_13)
FN:162,(anonymous_14)
FNF:15
FNH:15
FNDA:116,(anonymous_0)
FNDA:12,(anonymous_1)
FNDA:32,(anonymous_2)
FNDA:32,(anonymous_3)
FNDA:32,(anonymous_4)
FNDA:32,(anonymous_5)
FNDA:10,(anonymous_6)
FNDA:10,(anonymous_7)
FNDA:10,(anonymous_8)
FNDA:7,(anonymous_9)
FNDA:7,(anonymous_10)
FNDA:7,(anonymous_11)
FNDA:5,(anonymous_12)
FNDA:5,(anonymous_13)
FNDA:5,(anonymous_14)
DA:3,1
DA:5,1
DA:6,116
DA:7,116
DA:8,116
DA:9,116
DA:10,116
DA:11,116
DA:12,116
DA:13,116
DA:14,116
DA:15,116
DA:19,116
DA:20,12
DA:23,12
DA:24,554
DA:26,12
DA:28,542
DA:32,116
DA:33,32
DA:35,32
DA:45,32
DA:46,10
DA:52,32
DA:56,32
DA:60,116
DA:62,10
DA:71,10
DA:74,10
DA:122,116
DA:125,7
DA:137,7
DA:140,7
DA:144,116
DA:145,5
DA:160,5
DA:164,5
DA:168,116
LF:38
LH:38
BRDA:24,0,0,12
BRDA:24,0,1,542
BRDA:45,1,0,10
BRDA:45,1,1,22
BRF:4
BRH:4
end_of_record
TN:
SF:src\UI\Channels.js
FN:19,(anonymous_0)
FN:21,(anonymous_1)
FN:31,(anonymous_2)
FN:32,(anonymous_3)
FNF:4
FNH:4
FNDA:25,(anonymous_0)
FNDA:7,(anonymous_1)
FNDA:42,(anonymous_2)
FNDA:42,(anonymous_3)
DA:8,1
DA:19,1
DA:20,25
DA:21,25
DA:22,7
DA:25,25
DA:31,42
DA:33,42
LF:8
LH:8
BRF:0
BRH:0
end_of_record
TN:
SF:src\UI\ChannelsCard.js
FN:39,(anonymous_0)
FN:44,(anonymous_1)
FNF:2
FNH:2
FNDA:42,(anonymous_0)
FNDA:5,(anonymous_1)
DA:5,1
DA:39,1
DA:40,42
DA:42,42
DA:45,5
DA:49,5
LF:6
LH:6
BRF:0
BRH:0
end_of_record
TN:
SF:src\UI\Login.js
FN:29,(anonymous_0)
FN:35,(anonymous_1)
FN:49,(anonymous_2)
FN:56,(anonymous_3)
FNF:4
FNH:4
FNDA:118,(anonymous_0)
FNDA:11,(anonymous_1)
FNDA:11,(anonymous_2)
FNDA:11,(anonymous_3)
DA:8,1
DA:29,1
DA:30,118
DA:31,118
DA:32,118
DA:33,118
DA:35,118
DA:37,11
DA:38,11
DA:50,11
DA:51,10
DA:58,11
DA:62,11
DA:63,11
DA:64,11
DA:68,118
LF:16
LH:16
BRDA:50,0,0,10
BRDA:50,0,1,1
BRF:2
BRH:2
end_of_record
TN:
SF:src\UI\MessageCard.js
FN:22,(anonymous_0)
FN:35,(anonymous_1)
FNF:2
FNH:2
FNDA:1,(anonymous_0)
FNDA:1,(anonymous_1)
DA:4,1
DA:22,1
DA:23,1
DA:31,1
DA:32,1
DA:35,1
DA:36,1
DA:37,1
LF:8
LH:8
BRF:0
BRH:0
end_of_record
TN:
SF:src\UI\Messages.js
FN:14,(anonymous_0)
FN:16,(anonymous_1)
FN:19,(anonymous_2)
FN:21,(anonymous_3)
FN:39,(anonymous_4)
FN:40,(anonymous_5)
FNF:6
FNH:6
FNDA:11,(anonymous_0)
FNDA:5,(anonymous_1)
FNDA:13,(anonymous_2)
FNDA:3,(anonymous_3)
FNDA:12,(anonymous_4)
FNDA:12,(anonymous_5)
DA:7,1
DA:14,1
DA:15,11
DA:16,11
DA:17,5
DA:18,5
DA:20,13
DA:23,3
DA:33,11
DA:39,12
DA:41,12
LF:11
LH:11
BRF:0
BRH:0
end_of_record
TN:
SF:src\UI\MessagesCard.js
FN:22,(anonymous_0)
FN:35,(anonymous_1)
FN:39,(anonymous_2)
FNF:3
FNH:3
FNDA:12,(anonymous_0)
FNDA:12,(anonymous_1)
FNDA:1,(anonymous_2)
DA:4,1
DA:22,1
DA:23,12
DA:31,12
DA:32,12
DA:35,1
DA:36,12
DA:37,12
DA:40,1
DA:41,1
LF:10
LH:10
BRF:0
BRH:0
end_of_record
TN:
SF:src\UI\NewMessage.js
FN:20,(anonymous_0)
FN:36,(anonymous_1)
FN:43,(anonymous_2)
FNF:3
FNH:3
FNDA:4,(anonymous_0)
FNDA:1,(anonymous_1)
FNDA:1,(anonymous_2)
DA:5,1
DA:20,1
DA:22,4
DA:24,4
DA:37,1
DA:45,1
LF:6
LH:6
BRF:0
BRH:0
end_of_record
TN:
SF:src\UI\WorkspaceCard.js
FN:28,(anonymous_0)
FN:32,(anonymous_1)
FNF:2
FNH:2
FNDA:132,(anonymous_0)
FNDA:7,(anonymous_1)
DA:5,1
DA:28,1
DA:29,132
DA:30,132
DA:33,7
DA:34,7
LF:6
LH:6
BRF:0
BRH:0
end_of_record
TN:
SF:src\UI\Workspaces.js
FN:27,(anonymous_0)
FN:30,(anonymous_1)
FN:54,(anonymous_2)
FN:55,(anonymous_3)
FNF:4
FNH:4
FNDA:54,(anonymous_0)
FNDA:10,(anonymous_1)
FNDA:132,(anonymous_2)
FNDA:132,(anonymous_3)
DA:7,1
DA:27,1
DA:29,54
DA:30,54
DA:31,10
DA:48,54
DA:54,132
DA:56,132
LF:8
LH:8
BRF:0
BRH:0
end_of_record
