<?xml version="1.0" encoding="UTF-8"?>
<coverage generated="1685687780963" clover="3.2.0">
  <project timestamp="1685687780963" name="All files">
    <metrics statements="75" coveredstatements="75" conditionals="0" coveredconditionals="0" methods="28" coveredmethods="28" elements="103" coveredelements="103" complexity="0" loc="75" ncloc="75" packages="5" files="11" classes="11"/>
    <package name="Assignment8">
      <metrics statements="2" coveredstatements="2" conditionals="0" coveredconditionals="0" methods="1" coveredmethods="1"/>
      <file name="App.js" path="C:\Users\madal\OneDrive\Desktop\CSE 118\Assignment8\App.js">
        <metrics statements="2" coveredstatements="2" conditionals="0" coveredconditionals="0" methods="1" coveredmethods="1"/>
        <line num="12" count="1" type="stmt"/>
        <line num="13" count="8" type="stmt"/>
      </file>
    </package>
    <package name="Assignment8.src">
      <metrics statements="6" coveredstatements="6" conditionals="0" coveredconditionals="0" methods="4" coveredmethods="4"/>
      <file name="Main.js" path="C:\Users\madal\OneDrive\Desktop\CSE 118\Assignment8\src\Main.js">
        <metrics statements="6" coveredstatements="6" conditionals="0" coveredconditionals="0" methods="4" coveredmethods="4"/>
        <line num="19" count="1" type="stmt"/>
        <line num="21" count="1" type="stmt"/>
        <line num="22" count="8" type="stmt"/>
        <line num="30" count="16" type="stmt"/>
        <line num="39" count="7" type="stmt"/>
        <line num="48" count="2" type="stmt"/>
      </file>
    </package>
    <package name="Assignment8.src.Model">
      <metrics statements="14" coveredstatements="14" conditionals="0" coveredconditionals="0" methods="3" coveredmethods="3"/>
      <file name="ViewModel.js" path="C:\Users\madal\OneDrive\Desktop\CSE 118\Assignment8\src\Model\ViewModel.js">
        <metrics statements="14" coveredstatements="14" conditionals="0" coveredconditionals="0" methods="3" coveredmethods="3"/>
        <line num="5" count="1" type="stmt"/>
        <line num="7" count="1" type="stmt"/>
        <line num="8" count="27" type="stmt"/>
        <line num="9" count="26" type="stmt"/>
        <line num="10" count="26" type="stmt"/>
        <line num="11" count="26" type="stmt"/>
        <line num="12" count="26" type="stmt"/>
        <line num="13" count="26" type="stmt"/>
        <line num="15" count="26" type="stmt"/>
        <line num="16" count="7" type="stmt"/>
        <line num="17" count="7" type="stmt"/>
        <line num="18" count="7" type="stmt"/>
        <line num="20" count="7" type="stmt"/>
        <line num="23" count="26" type="stmt"/>
      </file>
    </package>
    <package name="Assignment8.src.Repo">
      <metrics statements="2" coveredstatements="2" conditionals="0" coveredconditionals="0" methods="1" coveredmethods="1"/>
      <file name="WorkspacesRepo.js" path="C:\Users\madal\OneDrive\Desktop\CSE 118\Assignment8\src\Repo\WorkspacesRepo.js">
        <metrics statements="2" coveredstatements="2" conditionals="0" coveredconditionals="0" methods="1" coveredmethods="1"/>
        <line num="3" count="1" type="stmt"/>
        <line num="4" count="7" type="stmt"/>
      </file>
    </package>
    <package name="Assignment8.src.UI">
      <metrics statements="51" coveredstatements="51" conditionals="0" coveredconditionals="0" methods="19" coveredmethods="19"/>
      <file name="Channels.js" path="C:\Users\madal\OneDrive\Desktop\CSE 118\Assignment8\src\UI\Channels.js">
        <metrics statements="6" coveredstatements="6" conditionals="0" coveredconditionals="0" methods="3" coveredmethods="3"/>
        <line num="8" count="1" type="stmt"/>
        <line num="19" count="1" type="stmt"/>
        <line num="20" count="12" type="stmt"/>
        <line num="21" count="12" type="stmt"/>
        <line num="27" count="24" type="stmt"/>
        <line num="29" count="24" type="stmt"/>
      </file>
      <file name="ChannelsCard.js" path="C:\Users\madal\OneDrive\Desktop\CSE 118\Assignment8\src\UI\ChannelsCard.js">
        <metrics statements="8" coveredstatements="8" conditionals="0" coveredconditionals="0" methods="3" coveredmethods="3"/>
        <line num="5" count="1" type="stmt"/>
        <line num="39" count="1" type="stmt"/>
        <line num="40" count="24" type="stmt"/>
        <line num="41" count="24" type="stmt"/>
        <line num="44" count="4" type="stmt"/>
        <line num="45" count="4" type="stmt"/>
        <line num="46" count="18" type="stmt"/>
        <line num="48" count="4" type="stmt"/>
      </file>
      <file name="MessageCard.js" path="C:\Users\madal\OneDrive\Desktop\CSE 118\Assignment8\src\UI\MessageCard.js">
        <metrics statements="8" coveredstatements="8" conditionals="0" coveredconditionals="0" methods="2" coveredmethods="2"/>
        <line num="4" count="1" type="stmt"/>
        <line num="22" count="1" type="stmt"/>
        <line num="23" count="2" type="stmt"/>
        <line num="31" count="2" type="stmt"/>
        <line num="32" count="2" type="stmt"/>
        <line num="35" count="1" type="stmt"/>
        <line num="36" count="2" type="stmt"/>
        <line num="37" count="2" type="stmt"/>
      </file>
      <file name="Messages.js" path="C:\Users\madal\OneDrive\Desktop\CSE 118\Assignment8\src\UI\Messages.js">
        <metrics statements="6" coveredstatements="6" conditionals="0" coveredconditionals="0" methods="3" coveredmethods="3"/>
        <line num="7" count="1" type="stmt"/>
        <line num="14" count="1" type="stmt"/>
        <line num="15" count="6" type="stmt"/>
        <line num="16" count="6" type="stmt"/>
        <line num="22" count="30" type="stmt"/>
        <line num="24" count="30" type="stmt"/>
      </file>
      <file name="MessagesCard.js" path="C:\Users\madal\OneDrive\Desktop\CSE 118\Assignment8\src\UI\MessagesCard.js">
        <metrics statements="10" coveredstatements="10" conditionals="0" coveredconditionals="0" methods="3" coveredmethods="3"/>
        <line num="4" count="1" type="stmt"/>
        <line num="22" count="1" type="stmt"/>
        <line num="23" count="30" type="stmt"/>
        <line num="31" count="30" type="stmt"/>
        <line num="32" count="30" type="stmt"/>
        <line num="35" count="1" type="stmt"/>
        <line num="36" count="30" type="stmt"/>
        <line num="37" count="30" type="stmt"/>
        <line num="40" count="2" type="stmt"/>
        <line num="41" count="2" type="stmt"/>
      </file>
      <file name="WorkspaceCard.js" path="C:\Users\madal\OneDrive\Desktop\CSE 118\Assignment8\src\UI\WorkspaceCard.js">
        <metrics statements="7" coveredstatements="7" conditionals="0" coveredconditionals="0" methods="2" coveredmethods="2"/>
        <line num="5" count="1" type="stmt"/>
        <line num="28" count="1" type="stmt"/>
        <line num="29" count="380" type="stmt"/>
        <line num="30" count="380" type="stmt"/>
        <line num="33" count="6" type="stmt"/>
        <line num="34" count="6" type="stmt"/>
        <line num="35" count="6" type="stmt"/>
      </file>
      <file name="Workspaces.js" path="C:\Users\madal\OneDrive\Desktop\CSE 118\Assignment8\src\UI\Workspaces.js">
        <metrics statements="6" coveredstatements="6" conditionals="0" coveredconditionals="0" methods="3" coveredmethods="3"/>
        <line num="7" count="1" type="stmt"/>
        <line num="14" count="1" type="stmt"/>
        <line num="15" count="26" type="stmt"/>
        <line num="16" count="26" type="stmt"/>
        <line num="21" count="380" type="stmt"/>
        <line num="23" count="380" type="stmt"/>
      </file>
    </package>
  </project>
</coverage>
