{"C:\\Users\\madal\\OneDrive\\Desktop\\CSE 118\\Assignment8\\App.js": {"path":"C:\\Users\\madal\\OneDrive\\Desktop\\CSE 118\\Assignment8\\App.js","statementMap":{"0":{"start":{"line":12,"column":12},"end":{"line":14,"column":1}},"1":{"start":{"line":13,"column":2},"end":{"line":13,"column":18}}},"fnMap":{"0":{"name":"(anonymous_0)","decl":{"start":{"line":12,"column":12},"end":{"line":12,"column":13}},"loc":{"start":{"line":12,"column":18},"end":{"line":14,"column":1}},"line":12}},"branchMap":{},"s":{"0":1,"1":8},"f":{"0":8},"b":{},"_coverageSchema":"1a1c01bbd47fc00a2c39e90264f33305004495a9","hash":"df1973359bb401a248d1d5a14ac18e33c222f822"}
,"C:\\Users\\madal\\OneDrive\\Desktop\\CSE 118\\Assignment8\\src\\Main.js": {"path":"C:\\Users\\madal\\OneDrive\\Desktop\\CSE 118\\Assignment8\\src\\Main.js","statementMap":{"0":{"start":{"line":19,"column":14},"end":{"line":19,"column":36}},"1":{"start":{"line":21,"column":13},"end":{"line":58,"column":1}},"2":{"start":{"line":22,"column":2},"end":{"line":57,"column":4}},"3":{"start":{"line":30,"column":35},"end":{"line":34,"column":13}},"4":{"start":{"line":39,"column":35},"end":{"line":43,"column":13}},"5":{"start":{"line":48,"column":35},"end":{"line":52,"column":13}}},"fnMap":{"0":{"name":"(anonymous_0)","decl":{"start":{"line":21,"column":13},"end":{"line":21,"column":14}},"loc":{"start":{"line":21,"column":19},"end":{"line":58,"column":1}},"line":21},"1":{"name":"(anonymous_1)","decl":{"start":{"line":30,"column":21},"end":{"line":30,"column":22}},"loc":{"start":{"line":30,"column":35},"end":{"line":34,"column":13}},"line":30},"2":{"name":"(anonymous_2)","decl":{"start":{"line":39,"column":21},"end":{"line":39,"column":22}},"loc":{"start":{"line":39,"column":35},"end":{"line":43,"column":13}},"line":39},"3":{"name":"(anonymous_3)","decl":{"start":{"line":48,"column":21},"end":{"line":48,"column":22}},"loc":{"start":{"line":48,"column":35},"end":{"line":52,"column":13}},"line":48}},"branchMap":{},"s":{"0":1,"1":1,"2":8,"3":16,"4":7,"5":2},"f":{"0":8,"1":16,"2":7,"3":2},"b":{},"_coverageSchema":"1a1c01bbd47fc00a2c39e90264f33305004495a9","hash":"42044262bbec89c2dc7399dec8643e461aa5254b"}
,"C:\\Users\\madal\\OneDrive\\Desktop\\CSE 118\\Assignment8\\src\\Model\\ViewModel.js": {"path":"C:\\Users\\madal\\OneDrive\\Desktop\\CSE 118\\Assignment8\\src\\Model\\ViewModel.js","statementMap":{"0":{"start":{"line":5,"column":33},"end":{"line":5,"column":54}},"1":{"start":{"line":7,"column":18},"end":{"line":41,"column":1}},"2":{"start":{"line":8,"column":38},"end":{"line":8,"column":56}},"3":{"start":{"line":9,"column":36},"end":{"line":9,"column":52}},"4":{"start":{"line":10,"column":34},"end":{"line":10,"column":52}},"5":{"start":{"line":11,"column":32},"end":{"line":11,"column":48}},"6":{"start":{"line":12,"column":34},"end":{"line":12,"column":52}},"7":{"start":{"line":13,"column":32},"end":{"line":13,"column":48}},"8":{"start":{"line":15,"column":2},"end":{"line":21,"column":9}},"9":{"start":{"line":16,"column":22},"end":{"line":19,"column":5}},"10":{"start":{"line":17,"column":16},"end":{"line":17,"column":38}},"11":{"start":{"line":18,"column":6},"end":{"line":18,"column":25}},"12":{"start":{"line":20,"column":4},"end":{"line":20,"column":16}},"13":{"start":{"line":23,"column":2},"end":{"line":40,"column":4}}},"fnMap":{"0":{"name":"(anonymous_0)","decl":{"start":{"line":7,"column":18},"end":{"line":7,"column":19}},"loc":{"start":{"line":7,"column":27},"end":{"line":41,"column":1}},"line":7},"1":{"name":"(anonymous_1)","decl":{"start":{"line":15,"column":18},"end":{"line":15,"column":19}},"loc":{"start":{"line":15,"column":24},"end":{"line":21,"column":3}},"line":15},"2":{"name":"(anonymous_2)","decl":{"start":{"line":16,"column":22},"end":{"line":16,"column":23}},"loc":{"start":{"line":16,"column":34},"end":{"line":19,"column":5}},"line":16}},"branchMap":{},"s":{"0":1,"1":1,"2":27,"3":26,"4":26,"5":26,"6":26,"7":26,"8":26,"9":7,"10":7,"11":7,"12":7,"13":26},"f":{"0":27,"1":7,"2":7},"b":{},"_coverageSchema":"1a1c01bbd47fc00a2c39e90264f33305004495a9","hash":"7c56a90ee745fce26fe0fe5af7c0ab117348be1c"}
,"C:\\Users\\madal\\OneDrive\\Desktop\\CSE 118\\Assignment8\\src\\Repo\\WorkspacesRepo.js": {"path":"C:\\Users\\madal\\OneDrive\\Desktop\\CSE 118\\Assignment8\\src\\Repo\\WorkspacesRepo.js","statementMap":{"0":{"start":{"line":3,"column":19},"end":{"line":5,"column":1}},"1":{"start":{"line":4,"column":2},"end":{"line":4,"column":20}}},"fnMap":{"0":{"name":"(anonymous_0)","decl":{"start":{"line":3,"column":19},"end":{"line":3,"column":20}},"loc":{"start":{"line":3,"column":31},"end":{"line":5,"column":1}},"line":3}},"branchMap":{},"s":{"0":1,"1":7},"f":{"0":7},"b":{},"_coverageSchema":"1a1c01bbd47fc00a2c39e90264f33305004495a9","hash":"e8c6ce219a962fb864baec03f1a3fccb2d37a680"}
,"C:\\Users\\madal\\OneDrive\\Desktop\\CSE 118\\Assignment8\\src\\UI\\Channels.js": {"path":"C:\\Users\\madal\\OneDrive\\Desktop\\CSE 118\\Assignment8\\src\\UI\\Channels.js","statementMap":{"0":{"start":{"line":8,"column":15},"end":{"line":17,"column":2}},"1":{"start":{"line":19,"column":17},"end":{"line":34,"column":1}},"2":{"start":{"line":20,"column":21},"end":{"line":20,"column":56}},"3":{"start":{"line":21,"column":2},"end":{"line":33,"column":4}},"4":{"start":{"line":27,"column":30},"end":{"line":27,"column":37}},"5":{"start":{"line":29,"column":10},"end":{"line":29,"column":65}}},"fnMap":{"0":{"name":"(anonymous_0)","decl":{"start":{"line":19,"column":17},"end":{"line":19,"column":18}},"loc":{"start":{"line":19,"column":35},"end":{"line":34,"column":1}},"line":19},"1":{"name":"(anonymous_1)","decl":{"start":{"line":27,"column":22},"end":{"line":27,"column":23}},"loc":{"start":{"line":27,"column":30},"end":{"line":27,"column":37}},"line":27},"2":{"name":"(anonymous_2)","decl":{"start":{"line":28,"column":20},"end":{"line":28,"column":21}},"loc":{"start":{"line":29,"column":10},"end":{"line":29,"column":65}},"line":29}},"branchMap":{},"s":{"0":1,"1":1,"2":12,"3":12,"4":24,"5":24},"f":{"0":12,"1":24,"2":24},"b":{},"_coverageSchema":"1a1c01bbd47fc00a2c39e90264f33305004495a9","hash":"332a5f723b4a9928c589dd3590d46f16bb155276"}
,"C:\\Users\\madal\\OneDrive\\Desktop\\CSE 118\\Assignment8\\src\\UI\\ChannelsCard.js": {"path":"C:\\Users\\madal\\OneDrive\\Desktop\\CSE 118\\Assignment8\\src\\UI\\ChannelsCard.js","statementMap":{"0":{"start":{"line":5,"column":15},"end":{"line":24,"column":2}},"1":{"start":{"line":39,"column":21},"end":{"line":61,"column":1}},"2":{"start":{"line":40,"column":36},"end":{"line":40,"column":71}},"3":{"start":{"line":41,"column":2},"end":{"line":60,"column":4}},"4":{"start":{"line":44,"column":8},"end":{"line":44,"column":28}},"5":{"start":{"line":45,"column":8},"end":{"line":47,"column":10}},"6":{"start":{"line":46,"column":42},"end":{"line":46,"column":74}},"7":{"start":{"line":48,"column":8},"end":{"line":48,"column":63}}},"fnMap":{"0":{"name":"(anonymous_0)","decl":{"start":{"line":39,"column":21},"end":{"line":39,"column":22}},"loc":{"start":{"line":39,"column":48},"end":{"line":61,"column":1}},"line":39},"1":{"name":"(anonymous_1)","decl":{"start":{"line":43,"column":15},"end":{"line":43,"column":16}},"loc":{"start":{"line":43,"column":21},"end":{"line":49,"column":7}},"line":43},"2":{"name":"(anonymous_2)","decl":{"start":{"line":46,"column":32},"end":{"line":46,"column":33}},"loc":{"start":{"line":46,"column":42},"end":{"line":46,"column":74}},"line":46}},"branchMap":{},"s":{"0":1,"1":1,"2":24,"3":24,"4":4,"5":4,"6":18,"7":4},"f":{"0":24,"1":4,"2":18},"b":{},"_coverageSchema":"1a1c01bbd47fc00a2c39e90264f33305004495a9","hash":"ad2d4885da7adafac2930240c716714b955ad6e3"}
,"C:\\Users\\madal\\OneDrive\\Desktop\\CSE 118\\Assignment8\\src\\UI\\MessageCard.js": {"path":"C:\\Users\\madal\\OneDrive\\Desktop\\CSE 118\\Assignment8\\src\\UI\\MessageCard.js","statementMap":{"0":{"start":{"line":4,"column":15},"end":{"line":18,"column":2}},"1":{"start":{"line":22,"column":15},"end":{"line":33,"column":1}},"2":{"start":{"line":23,"column":10},"end":{"line":30,"column":14}},"3":{"start":{"line":31,"column":14},"end":{"line":31,"column":26}},"4":{"start":{"line":32,"column":2},"end":{"line":32,"column":54}},"5":{"start":{"line":35,"column":20},"end":{"line":43,"column":1}},"6":{"start":{"line":36,"column":20},"end":{"line":36,"column":55}},"7":{"start":{"line":37,"column":2},"end":{"line":42,"column":4}}},"fnMap":{"0":{"name":"(anonymous_0)","decl":{"start":{"line":22,"column":15},"end":{"line":22,"column":16}},"loc":{"start":{"line":22,"column":20},"end":{"line":33,"column":1}},"line":22},"1":{"name":"(anonymous_1)","decl":{"start":{"line":35,"column":20},"end":{"line":35,"column":21}},"loc":{"start":{"line":35,"column":38},"end":{"line":43,"column":1}},"line":35}},"branchMap":{},"s":{"0":1,"1":1,"2":2,"3":2,"4":2,"5":1,"6":2,"7":2},"f":{"0":2,"1":2},"b":{},"_coverageSchema":"1a1c01bbd47fc00a2c39e90264f33305004495a9","hash":"be2d4a20b4a68c8b92bb8e597c05ea3adb78adb0"}
,"C:\\Users\\madal\\OneDrive\\Desktop\\CSE 118\\Assignment8\\src\\UI\\Messages.js": {"path":"C:\\Users\\madal\\OneDrive\\Desktop\\CSE 118\\Assignment8\\src\\UI\\Messages.js","statementMap":{"0":{"start":{"line":7,"column":15},"end":{"line":12,"column":2}},"1":{"start":{"line":14,"column":17},"end":{"line":29,"column":1}},"2":{"start":{"line":15,"column":21},"end":{"line":15,"column":56}},"3":{"start":{"line":16,"column":2},"end":{"line":28,"column":4}},"4":{"start":{"line":22,"column":30},"end":{"line":22,"column":37}},"5":{"start":{"line":24,"column":10},"end":{"line":24,"column":65}}},"fnMap":{"0":{"name":"(anonymous_0)","decl":{"start":{"line":14,"column":17},"end":{"line":14,"column":18}},"loc":{"start":{"line":14,"column":35},"end":{"line":29,"column":1}},"line":14},"1":{"name":"(anonymous_1)","decl":{"start":{"line":22,"column":22},"end":{"line":22,"column":23}},"loc":{"start":{"line":22,"column":30},"end":{"line":22,"column":37}},"line":22},"2":{"name":"(anonymous_2)","decl":{"start":{"line":23,"column":20},"end":{"line":23,"column":21}},"loc":{"start":{"line":24,"column":10},"end":{"line":24,"column":65}},"line":24}},"branchMap":{},"s":{"0":1,"1":1,"2":6,"3":6,"4":30,"5":30},"f":{"0":6,"1":30,"2":30},"b":{},"_coverageSchema":"1a1c01bbd47fc00a2c39e90264f33305004495a9","hash":"27f9143bd17c6cf7cf93690b7da699747d82ce69"}
,"C:\\Users\\madal\\OneDrive\\Desktop\\CSE 118\\Assignment8\\src\\UI\\MessagesCard.js": {"path":"C:\\Users\\madal\\OneDrive\\Desktop\\CSE 118\\Assignment8\\src\\UI\\MessagesCard.js","statementMap":{"0":{"start":{"line":4,"column":15},"end":{"line":18,"column":2}},"1":{"start":{"line":22,"column":15},"end":{"line":33,"column":1}},"2":{"start":{"line":23,"column":10},"end":{"line":30,"column":14}},"3":{"start":{"line":31,"column":14},"end":{"line":31,"column":26}},"4":{"start":{"line":32,"column":2},"end":{"line":32,"column":54}},"5":{"start":{"line":35,"column":21},"end":{"line":51,"column":1}},"6":{"start":{"line":36,"column":23},"end":{"line":36,"column":58}},"7":{"start":{"line":37,"column":2},"end":{"line":50,"column":4}},"8":{"start":{"line":40,"column":8},"end":{"line":40,"column":28}},"9":{"start":{"line":41,"column":8},"end":{"line":41,"column":69}}},"fnMap":{"0":{"name":"(anonymous_0)","decl":{"start":{"line":22,"column":15},"end":{"line":22,"column":16}},"loc":{"start":{"line":22,"column":20},"end":{"line":33,"column":1}},"line":22},"1":{"name":"(anonymous_1)","decl":{"start":{"line":35,"column":21},"end":{"line":35,"column":22}},"loc":{"start":{"line":35,"column":48},"end":{"line":51,"column":1}},"line":35},"2":{"name":"(anonymous_2)","decl":{"start":{"line":39,"column":15},"end":{"line":39,"column":16}},"loc":{"start":{"line":39,"column":21},"end":{"line":42,"column":7}},"line":39}},"branchMap":{},"s":{"0":1,"1":1,"2":30,"3":30,"4":30,"5":1,"6":30,"7":30,"8":2,"9":2},"f":{"0":30,"1":30,"2":2},"b":{},"_coverageSchema":"1a1c01bbd47fc00a2c39e90264f33305004495a9","hash":"8464409c6f36720b5a60a15629a38209e5dfa917"}
,"C:\\Users\\madal\\OneDrive\\Desktop\\CSE 118\\Assignment8\\src\\UI\\WorkspaceCard.js": {"path":"C:\\Users\\madal\\OneDrive\\Desktop\\CSE 118\\Assignment8\\src\\UI\\WorkspaceCard.js","statementMap":{"0":{"start":{"line":5,"column":15},"end":{"line":24,"column":2}},"1":{"start":{"line":28,"column":22},"end":{"line":48,"column":1}},"2":{"start":{"line":29,"column":38},"end":{"line":29,"column":73}},"3":{"start":{"line":30,"column":2},"end":{"line":47,"column":4}},"4":{"start":{"line":33,"column":8},"end":{"line":33,"column":32}},"5":{"start":{"line":34,"column":8},"end":{"line":34,"column":40}},"6":{"start":{"line":35,"column":8},"end":{"line":35,"column":65}}},"fnMap":{"0":{"name":"(anonymous_0)","decl":{"start":{"line":28,"column":22},"end":{"line":28,"column":23}},"loc":{"start":{"line":28,"column":51},"end":{"line":48,"column":1}},"line":28},"1":{"name":"(anonymous_1)","decl":{"start":{"line":32,"column":15},"end":{"line":32,"column":16}},"loc":{"start":{"line":32,"column":21},"end":{"line":36,"column":7}},"line":32}},"branchMap":{},"s":{"0":1,"1":1,"2":380,"3":380,"4":6,"5":6,"6":6},"f":{"0":380,"1":6},"b":{},"_coverageSchema":"1a1c01bbd47fc00a2c39e90264f33305004495a9","hash":"93851f584b6127cd3dd0058fd2750b09ba9dcd8c"}
,"C:\\Users\\madal\\OneDrive\\Desktop\\CSE 118\\Assignment8\\src\\UI\\Workspaces.js": {"path":"C:\\Users\\madal\\OneDrive\\Desktop\\CSE 118\\Assignment8\\src\\UI\\Workspaces.js","statementMap":{"0":{"start":{"line":7,"column":15},"end":{"line":12,"column":2}},"1":{"start":{"line":14,"column":19},"end":{"line":28,"column":1}},"2":{"start":{"line":15,"column":23},"end":{"line":15,"column":58}},"3":{"start":{"line":16,"column":2},"end":{"line":27,"column":4}},"4":{"start":{"line":21,"column":30},"end":{"line":21,"column":37}},"5":{"start":{"line":23,"column":10},"end":{"line":23,"column":68}}},"fnMap":{"0":{"name":"(anonymous_0)","decl":{"start":{"line":14,"column":19},"end":{"line":14,"column":20}},"loc":{"start":{"line":14,"column":37},"end":{"line":28,"column":1}},"line":14},"1":{"name":"(anonymous_1)","decl":{"start":{"line":21,"column":22},"end":{"line":21,"column":23}},"loc":{"start":{"line":21,"column":30},"end":{"line":21,"column":37}},"line":21},"2":{"name":"(anonymous_2)","decl":{"start":{"line":22,"column":20},"end":{"line":22,"column":21}},"loc":{"start":{"line":23,"column":10},"end":{"line":23,"column":68}},"line":23}},"branchMap":{},"s":{"0":1,"1":1,"2":26,"3":26,"4":380,"5":380},"f":{"0":26,"1":380,"2":380},"b":{},"_coverageSchema":"1a1c01bbd47fc00a2c39e90264f33305004495a9","hash":"bdfc3a6ba252e3276d99c4081526c0c289e7d554"}
}
