TN:
SF:App.js
FN:12,(anonymous_0)
FNF:1
FNH:1
FNDA:8,(anonymous_0)
DA:12,1
DA:13,8
LF:2
LH:2
BRF:0
BRH:0
end_of_record
TN:
SF:src\Main.js
FN:21,(anonymous_0)
FN:30,(anonymous_1)
FN:39,(anonymous_2)
FN:48,(anonymous_3)
FNF:4
FNH:4
FNDA:8,(anonymous_0)
FNDA:16,(anonymous_1)
FNDA:7,(anonymous_2)
FNDA:2,(anonymous_3)
DA:19,1
DA:21,1
DA:22,8
DA:30,16
DA:39,7
DA:48,2
LF:6
LH:6
BRF:0
BRH:0
end_of_record
TN:
SF:src\Model\ViewModel.js
FN:7,(anonymous_0)
FN:15,(anonymous_1)
FN:16,(anonymous_2)
FNF:3
FNH:3
FNDA:27,(anonymous_0)
FNDA:7,(anonymous_1)
FNDA:7,(anonymous_2)
DA:5,1
DA:7,1
DA:8,27
DA:9,26
DA:10,26
DA:11,26
DA:12,26
DA:13,26
DA:15,26
DA:16,7
DA:17,7
DA:18,7
DA:20,7
DA:23,26
LF:14
LH:14
BRF:0
BRH:0
end_of_record
TN:
SF:src\Repo\WorkspacesRepo.js
FN:3,(anonymous_0)
FNF:1
FNH:1
FNDA:7,(anonymous_0)
DA:3,1
DA:4,7
LF:2
LH:2
BRF:0
BRH:0
end_of_record
TN:
SF:src\UI\Channels.js
FN:19,(anonymous_0)
FN:27,(anonymous_1)
FN:28,(anonymous_2)
FNF:3
FNH:3
FNDA:12,(anonymous_0)
FNDA:24,(anonymous_1)
FNDA:24,(anonymous_2)
DA:8,1
DA:19,1
DA:20,12
DA:21,12
DA:27,24
DA:29,24
LF:6
LH:6
BRF:0
BRH:0
end_of_record
TN:
SF:src\UI\ChannelsCard.js
FN:39,(anonymous_0)
FN:43,(anonymous_1)
FN:46,(anonymous_2)
FNF:3
FNH:3
FNDA:24,(anonymous_0)
FNDA:4,(anonymous_1)
FNDA:18,(anonymous_2)
DA:5,1
DA:39,1
DA:40,24
DA:41,24
DA:44,4
DA:45,4
DA:46,18
DA:48,4
LF:8
LH:8
BRF:0
BRH:0
end_of_record
TN:
SF:src\UI\MessageCard.js
FN:22,(anonymous_0)
FN:35,(anonymous_1)
FNF:2
FNH:2
FNDA:2,(anonymous_0)
FNDA:2,(anonymous_1)
DA:4,1
DA:22,1
DA:23,2
DA:31,2
DA:32,2
DA:35,1
DA:36,2
DA:37,2
LF:8
LH:8
BRF:0
BRH:0
end_of_record
TN:
SF:src\UI\Messages.js
FN:14,(anonymous_0)
FN:22,(anonymous_1)
FN:23,(anonymous_2)
FNF:3
FNH:3
FNDA:6,(anonymous_0)
FNDA:30,(anonymous_1)
FNDA:30,(anonymous_2)
DA:7,1
DA:14,1
DA:15,6
DA:16,6
DA:22,30
DA:24,30
LF:6
LH:6
BRF:0
BRH:0
end_of_record
TN:
SF:src\UI\MessagesCard.js
FN:22,(anonymous_0)
FN:35,(anonymous_1)
FN:39,(anonymous_2)
FNF:3
FNH:3
FNDA:30,(anonymous_0)
FNDA:30,(anonymous_1)
FNDA:2,(anonymous_2)
DA:4,1
DA:22,1
DA:23,30
DA:31,30
DA:32,30
DA:35,1
DA:36,30
DA:37,30
DA:40,2
DA:41,2
LF:10
LH:10
BRF:0
BRH:0
end_of_record
TN:
SF:src\UI\WorkspaceCard.js
FN:28,(anonymous_0)
FN:32,(anonymous_1)
FNF:2
FNH:2
FNDA:380,(anonymous_0)
FNDA:6,(anonymous_1)
DA:5,1
DA:28,1
DA:29,380
DA:30,380
DA:33,6
DA:34,6
DA:35,6
LF:7
LH:7
BRF:0
BRH:0
end_of_record
TN:
SF:src\UI\Workspaces.js
FN:14,(anonymous_0)
FN:21,(anonymous_1)
FN:22,(anonymous_2)
FNF:3
FNH:3
FNDA:26,(anonymous_0)
FNDA:380,(anonymous_1)
FNDA:380,(anonymous_2)
DA:7,1
DA:14,1
DA:15,26
DA:16,26
DA:21,380
DA:23,380
LF:6
LH:6
BRF:0
BRH:0
end_of_record
